<?xml version="1.0" encoding="UTF-8"?>
<!-- Generated by org.testng.reporters.JUnitReportReporter -->
<testsuite hostname="LAPTOP-FAP6QC75" failures="0" tests="1" name="tests.Google" time="1.749" errors="0" timestamp="11 Feb 2021 04:59:25 GMT" skipped="0">
  <testcase classname="tests.Google" name="getUrl" time="1.749"/>
</testsuite> <!-- tests.Google -->
