<?xml version="1.0" encoding="UTF-8"?>
<!-- Generated by org.testng.reporters.JUnitReportReporter -->
<testsuite hostname="LAPTOP-FAP6QC75" failures="0" tests="1" name="com.simple.Google" time="1.581" errors="0" timestamp="11 Feb 2021 01:48:12 GMT" skipped="0">
  <testcase classname="com.simple.Google" name="getUrl" time="1.581"/>
</testsuite> <!-- com.simple.Google -->
