<?xml version="1.0" encoding="UTF-8"?>
<!-- Generated by org.testng.reporters.JUnitReportReporter -->
<testsuite hostname="LAPTOP-FAP6QC75" failures="0" tests="1" name="com.simple.Facebook" time="2.750" errors="0" timestamp="11 Feb 2021 01:45:56 GMT" skipped="0">
  <testcase classname="com.simple.Facebook" name="getUrl" time="2.750"/>
</testsuite> <!-- com.simple.Facebook -->
