<?xml version="1.0" encoding="UTF-8"?>
<!-- Generated by org.testng.reporters.JUnitReportReporter -->
<testsuite hostname="LAPTOP-FAP6QC75" failures="0" tests="1" name="tests.Facebook" time="1.408" errors="0" timestamp="11 Feb 2021 04:59:10 GMT" skipped="0">
  <testcase classname="tests.Facebook" name="getUrl" time="1.408"/>
</testsuite> <!-- tests.Facebook -->
